<?xml version="1.0" encoding="UTF-8"?>
<testng-results skipped="0" failed="0" ignored="0" total="1" passed="1">
  <reporter-output>
  </reporter-output>
  <suite name="Default suite" duration-ms="7673" started-at="2019-07-16T12:22:08Z" finished-at="2019-07-16T12:22:16Z">
    <groups>
    </groups>
    <test name="Default test" duration-ms="7673" started-at="2019-07-16T12:22:08Z" finished-at="2019-07-16T12:22:16Z">
      <class name="com.api.test.GetapiTest">
        <test-method status="PASS" signature="getTest()[pri:0, instance:com.api.test.GetapiTest@548a9f61]" name="getTest" duration-ms="7646" started-at="2019-07-16T12:22:08Z" finished-at="2019-07-16T12:22:16Z">
          <reporter-output>
          </reporter-output>
        </test-method> <!-- getTest -->
      </class> <!-- com.api.test.GetapiTest -->
    </test> <!-- Default test -->
  </suite> <!-- Default suite -->
</testng-results>
